<?xml version="1.0" encoding="UTF-8"?>
<testng-results skipped="0" failed="0" total="2" passed="2">
  <reporter-output>
  </reporter-output>
  <suite name="com.test.AppTest" duration-ms="25" started-at="2015-08-09T06:32:16Z" finished-at="2015-08-09T06:32:16Z">
    <groups>
    </groups>
    <test name="Command line test" duration-ms="25" started-at="2015-08-09T06:32:16Z" finished-at="2015-08-09T06:32:16Z">
      <class name="com.test.AppTest">
        <test-method status="PASS" signature="Test1()[pri:0, instance:com.test.AppTest@380fb434]" name="Test1" duration-ms="10" started-at="2015-08-09T12:02:16Z" finished-at="2015-08-09T12:02:16Z">
          <reporter-output>
          </reporter-output>
        </test-method> <!-- Test1 -->
        <test-method status="PASS" signature="Test2()[pri:0, instance:com.test.AppTest@380fb434]" name="Test2" duration-ms="0" started-at="2015-08-09T12:02:16Z" finished-at="2015-08-09T12:02:16Z">
          <reporter-output>
          </reporter-output>
        </test-method> <!-- Test2 -->
      </class> <!-- com.test.AppTest -->
    </test> <!-- Command line test -->
  </suite> <!-- com.test.AppTest -->
</testng-results>
