<?xml version="1.0" encoding="UTF-8"?>
<testng-results skipped="0" failed="0" total="2" passed="2">
  <reporter-output>
  </reporter-output>
  <suite name="Default suite" duration-ms="69" started-at="2015-08-09T06:11:52Z" finished-at="2015-08-09T06:11:52Z">
    <groups>
    </groups>
    <test name="Default test" duration-ms="69" started-at="2015-08-09T06:11:52Z" finished-at="2015-08-09T06:11:52Z">
      <class name="com.test.AppTest">
        <test-method status="PASS" signature="Test1()[pri:0, instance:com.test.AppTest@6ad5c04e]" name="Test1" duration-ms="27" started-at="2015-08-09T11:41:52Z" finished-at="2015-08-09T11:41:52Z">
          <reporter-output>
          </reporter-output>
        </test-method> <!-- Test1 -->
        <test-method status="PASS" signature="Test2()[pri:0, instance:com.test.AppTest@6ad5c04e]" name="Test2" duration-ms="1" started-at="2015-08-09T11:41:52Z" finished-at="2015-08-09T11:41:52Z">
          <reporter-output>
          </reporter-output>
        </test-method> <!-- Test2 -->
      </class> <!-- com.test.AppTest -->
    </test> <!-- Default test -->
  </suite> <!-- Default suite -->
</testng-results>
